    Blocking waiting for file lock on package cache
    Blocking waiting for file lock on package cache
    Blocking waiting for file lock on package cache
    Blocking waiting for file lock on package cache
    Blocking waiting for file lock on artifact directory
   Compiling ring v0.17.14
   Compiling libsqlite3-sys v0.27.0
   Compiling ahash v0.8.12
   Compiling prediction-market-service v0.1.0 (D:\code\github\quorum\crates\prediction-market-service)
   Compiling rskafka v0.5.0
   Compiling tonic-reflection v0.12.3
   Compiling api v0.1.0 (D:\code\github\quorum\crates\api)
   Compiling hashbrown v0.14.5
   Compiling hashlink v0.8.4
error: failed to run custom build command for `prediction-market-service v0.1.0 (D:\code\github\quorum\crates\prediction-market-service)`

Caused by:
  process didn't exit successfully: `D:\code\github\quorum\target\release\build\prediction-market-service-1001e5d2cf817ac7\build-script-build` (exit code: 1)
  --- stdout
  cargo:rerun-if-changed=D:\code\github\quorum\crates\prediction-market-service\src/pb/prediction_market.proto
  cargo:rerun-if-changed=D:\code\github\quorum\crates\prediction-market-service\src/pb

  --- stderr
  Error: Custom { kind: NotFound, error: "Could not find `protoc`. If `protoc` is installed, try setting the `PROTOC` environment variable to the path of the `protoc` binary. Try installing `protobuf-compiler` or `protobuf` using your package manager. It is also available at https://github.com/protocolbuffers/protobuf/releases  For more information: https://docs.rs/prost-build/#sourcing-protoc" }
warning: build failed, waiting for other jobs to finish...
