    Blocking waiting for file lock on package cache
    Blocking waiting for file lock on package cache
    Blocking waiting for file lock on package cache
    Blocking waiting for file lock on package cache
   Compiling proc-macro2 v1.0.106
   Compiling quote v1.0.45
   Compiling unicode-ident v1.0.24
   Compiling windows-link v0.2.1
   Compiling pin-project-lite v0.2.17
   Compiling cfg-if v1.0.4
   Compiling bytes v1.11.1
   Compiling futures-core v0.3.32
   Compiling anyhow v1.0.102
   Compiling parking_lot_core v0.9.12
   Compiling smallvec v1.15.1
   Compiling either v1.15.0
   Compiling scopeguard v1.2.0
   Compiling itoa v1.0.18
   Compiling once_cell v1.21.4
   Compiling autocfg v1.5.0
   Compiling slab v0.4.12
   Compiling getrandom v0.4.2
   Compiling regex-syntax v0.8.10
   Compiling windows-sys v0.61.2
   Compiling lock_api v0.4.14
   Compiling futures-task v0.3.32
   Compiling hashbrown v0.17.0
   Compiling equivalent v1.0.2
   Compiling itertools v0.14.0
   Compiling tracing-core v0.1.36
   Compiling prettyplease v0.2.37
   Compiling serde_core v1.0.228
   Compiling futures-util v0.3.32
   Compiling fixedbitset v0.5.7
   Compiling tower-service v0.3.3
   Compiling fastrand v2.4.1
   Compiling futures-sink v0.3.32
   Compiling zerocopy v0.8.48
   Compiling httparse v1.10.1
   Compiling http v1.4.0
   Compiling indexmap v2.14.0
   Compiling log v0.4.29
   Compiling windows_x86_64_msvc v0.52.6
   Compiling multimap v0.10.1
   Compiling heck v0.5.0
   Compiling serde v1.0.228
   Compiling regex-automata v0.4.14
   Compiling tempfile v3.27.0
   Compiling getrandom v0.2.17
   Compiling rustversion v1.0.22
   Compiling parking_lot v0.12.5
   Compiling http-body v1.0.1
   Compiling atomic-waker v1.1.2
   Compiling tower-layer v0.3.3
   Compiling libc v0.2.185
   Compiling fnv v1.0.7
   Compiling try-lock v0.2.5
   Compiling rand_core v0.6.4
   Compiling socket2 v0.6.3
   Compiling mio v1.2.0
   Compiling indexmap v1.9.3
   Compiling petgraph v0.7.1
   Compiling want v0.3.1
   Compiling num-traits v0.2.19
   Compiling futures-channel v0.3.32
   Compiling syn v2.0.117
   Compiling sync_wrapper v1.0.2
   Compiling httpdate v1.0.3
   Compiling windows-targets v0.52.6
   Compiling http-body-util v0.1.3
   Compiling mime v0.3.17
   Compiling hashbrown v0.12.3
   Compiling zmij v1.0.21
   Compiling memchr v2.8.0
   Compiling windows-sys v0.52.0
   Compiling tower v0.5.3
   Compiling serde_json v1.0.149
   Compiling percent-encoding v2.3.2
   Compiling matchit v0.7.3
   Compiling base64 v0.22.1
   Compiling regex v1.12.3
   Compiling lazy_static v1.5.0
   Compiling rust_decimal v1.41.0
   Compiling thiserror v1.0.69
   Compiling nu-ansi-term v0.50.3
   Compiling socket2 v0.5.10
   Compiling sharded-slab v0.1.7
   Compiling thread_local v1.1.9
   Compiling tracing-log v0.2.0
   Compiling arrayvec v0.7.6
   Compiling ppv-lite86 v0.2.21
   Compiling rand_chacha v0.3.1
   Compiling rand v0.8.6
   Compiling prost-derive v0.13.5
   Compiling tokio-macros v2.7.0
   Compiling tracing-attributes v0.1.31
   Compiling serde_derive v1.0.228
   Compiling pin-project-internal v1.1.11
   Compiling async-trait v0.1.89
   Compiling async-stream-impl v0.3.6
   Compiling thiserror-impl v1.0.69
   Compiling matchers v0.2.0
   Compiling async-stream v0.3.6
   Compiling tokio v1.52.1
   Compiling axum-core v0.4.5
   Compiling pin-project v1.1.11
   Compiling tracing v0.1.44
   Compiling prost v0.13.5
   Compiling tracing-subscriber v0.3.23
   Compiling prost-types v0.13.5
   Compiling prost-build v0.13.5
   Compiling tonic-build v0.12.3
   Compiling axum v0.7.9
   Compiling chrono v0.4.44
   Compiling api v0.1.0 (D:\code\github\quorum\crates\api)
   Compiling risk-service v0.1.0 (D:\code\github\quorum\crates\risk-service)
   Compiling tokio-util v0.7.18
   Compiling tokio-stream v0.1.18
error: failed to run custom build command for `risk-service v0.1.0 (D:\code\github\quorum\crates\risk-service)`

Caused by:
  process didn't exit successfully: `D:\code\github\quorum\target\release\build\risk-service-63de04c25d5a4278\build-script-build` (exit code: 1)
  --- stdout
  cargo:rerun-if-changed=D:\code\github\quorum\crates\risk-service\src/pb/risk_service.proto
  cargo:rerun-if-changed=D:\code\github\quorum\crates\risk-service\src/pb

  --- stderr
  Error: Custom { kind: NotFound, error: "Could not find `protoc`. If `protoc` is installed, try setting the `PROTOC` environment variable to the path of the `protoc` binary. Try installing `protobuf-compiler` or `protobuf` using your package manager. It is also available at https://github.com/protocolbuffers/protobuf/releases  For more information: https://docs.rs/prost-build/#sourcing-protoc" }
warning: build failed, waiting for other jobs to finish...
