    Blocking waiting for file lock on package cache
    Blocking waiting for file lock on package cache
    Blocking waiting for file lock on package cache
    Blocking waiting for file lock on package cache
    Blocking waiting for file lock on artifact directory
   Compiling futures-util v0.3.32
   Compiling idna v1.1.0
   Compiling form_urlencoded v1.2.2
   Compiling sqlx-sqlite v0.7.4
   Compiling sqlx-postgres v0.7.4
   Compiling sqlx-mysql v0.7.4
   Compiling getrandom v0.4.2
   Compiling toml v0.8.23
   Compiling wallet-service v0.1.0 (D:\code\github\quorum\crates\wallet-service)
   Compiling uuid v1.23.1
   Compiling url v2.5.8
   Compiling common v0.1.0 (D:\code\github\quorum\crates\common)
   Compiling config v0.14.1
error: failed to run custom build command for `wallet-service v0.1.0 (D:\code\github\quorum\crates\wallet-service)`

Caused by:
  process didn't exit successfully: `D:\code\github\quorum\target\release\build\wallet-service-40b995160cd00104\build-script-build` (exit code: 1)
  --- stdout
  cargo:rerun-if-changed=D:\code\github\quorum\crates\wallet-service\src/pb/wallet.proto
  cargo:rerun-if-changed=D:\code\github\quorum\crates\wallet-service\src/pb

  --- stderr
  Error: Custom { kind: NotFound, error: "Could not find `protoc`. If `protoc` is installed, try setting the `PROTOC` environment variable to the path of the `protoc` binary. Try installing `protobuf-compiler` or `protobuf` using your package manager. It is also available at https://github.com/protocolbuffers/protobuf/releases  For more information: https://docs.rs/prost-build/#sourcing-protoc" }
warning: build failed, waiting for other jobs to finish...
