    Blocking waiting for file lock on package cache
    Blocking waiting for file lock on package cache
    Blocking waiting for file lock on package cache
    Blocking waiting for file lock on artifact directory
   Compiling smallvec v1.15.1
   Compiling crunchy v0.2.4
   Compiling ahash v0.8.12
   Compiling generic-array v0.14.7
   Compiling tiny-keccak v2.0.2
   Compiling futures-channel v0.3.32
   Compiling typenum v1.20.0
   Compiling slab v0.4.12
   Compiling getrandom v0.2.17
   Compiling serde v1.0.228
   Compiling memchr v2.8.0
   Compiling ucd-trie v0.1.7
   Compiling once_cell v1.21.4
   Compiling allocator-api2 v0.2.21
   Compiling winapi v0.3.9
   Compiling rand v0.8.6
   Compiling cpufeatures v0.2.17
   Compiling winnow v0.7.15
   Compiling toml_write v0.1.2
   Compiling bitflags v2.11.1
   Compiling parking_lot_core v0.9.12
   Compiling icu_normalizer v2.2.0
   Compiling futures-util v0.3.32
   Compiling pest v2.8.6
   Compiling encoding_rs v0.8.35
   Compiling base64 v0.21.7
   Compiling byteorder v1.5.0
   Compiling arraydeque v0.5.1
   Compiling parking_lot v0.12.5
   Compiling unicode-segmentation v1.13.2
   Compiling data-encoding v2.10.0
   Compiling utf-8 v0.7.6
   Compiling idna_adapter v1.2.1
   Compiling toml_datetime v0.6.11
   Compiling serde_spanned v0.6.9
   Compiling tokio v1.52.1
   Compiling idna v1.1.0
   Compiling hashbrown v0.14.5
   Compiling chrono v0.4.44
   Compiling minimal-lexical v0.2.1
   Compiling ron v0.8.1
   Compiling convert_case v0.6.0
   Compiling const-random-macro v0.1.16
   Compiling serde_yaml v0.9.34+deprecated
   Compiling pathdiff v0.2.3
   Compiling tracing-subscriber v0.3.23
   Compiling url v2.5.8
   Compiling nom v7.1.3
   Compiling crypto-common v0.1.7
   Compiling block-buffer v0.10.4
   Compiling const-random v0.1.18
   Compiling digest v0.10.7
   Compiling hashlink v0.8.4
   Compiling uuid v1.23.1
   Compiling pest_meta v2.8.6
   Compiling dlv-list v0.5.2
   Compiling socket2 v0.4.10
   Compiling toml_edit v0.22.27
   Compiling sha1 v0.10.6
   Compiling yaml-rust2 v0.8.1
   Compiling ordered-multimap v0.7.3
   Compiling tungstenite v0.21.0
   Compiling pest_generator v2.8.6
   Compiling rust-ini v0.20.0
   Compiling futures-executor v0.3.32
   Compiling futures v0.3.32
   Compiling pest_derive v2.8.6
   Compiling json5 v0.4.1
   Compiling toml v0.8.23
   Compiling config v0.14.1
   Compiling tokio-util v0.7.18
   Compiling tokio-retry v0.3.1
   Compiling rskafka v0.5.0
   Compiling tokio-tungstenite v0.21.0
   Compiling combine v4.6.7
   Compiling redis v0.24.0
   Compiling queue v0.1.0 (D:\code\github\quorum\crates\common\queue)
   Compiling ws-market-data v0.1.0 (D:\code\github\quorum\crates\ws-market-data)
warning: field `params` is never read
  --> crates\ws-market-data\src\session.rs:44:9
   |
38 |     Subscribe {
   |     --------- field in this variant
...
44 |         params: Option<SubscriptionParams>,
   |         ^^^^^^
   |
   = note: `SubscribeMessage` has derived impls for the traits `Clone` and `Debug`, but these are intentionally ignored during dead code analysis
   = note: `#[warn(dead_code)]` (part of `#[warn(unused)]`) on by default

warning: fields `interval` and `depth` are never read
  --> crates\ws-market-data\src\session.rs:60:9
   |
59 | pub struct SubscriptionParams {
   |            ------------------ fields in this struct
60 |     pub interval: Option<String>,
   |         ^^^^^^^^
61 |     pub depth: Option<usize>,
   |         ^^^^^
   |
   = note: `SubscriptionParams` has derived impls for the traits `Clone` and `Debug`, but these are intentionally ignored during dead code analysis

warning: field `subscribed_at` is never read
  --> crates\ws-market-data\src\session.rs:69:9
   |
65 | pub struct ClientSession {
   |            ------------- field in this struct
...
69 |     pub subscribed_at: chrono::DateTime<chrono::Utc>,
   |         ^^^^^^^^^^^^^

warning: methods `len` and `is_empty` are never used
   --> crates\ws-market-data\src\session.rs:154:18
    |
117 | impl SessionManager {
    | ------------------- methods in this implementation
...
154 |     pub async fn len(&self) -> usize {
    |                  ^^^
...
158 |     pub async fn is_empty(&self) -> bool {
    |                  ^^^^^^^^

warning: `ws-market-data` (bin "ws-market-data") generated 4 warnings
    Finished `release` profile [optimized] target(s) in 1m 53s
warning: the following packages contain code that will be rejected by a future version of Rust: redis v0.24.0
note: to see what the problems were, use the option `--future-incompat-report`, or run `cargo report future-incompatibilities --id 1`
     Running `target\release\ws-market-data.exe`
[2m2026-04-26T06:10:52.679162Z[0m [32m INFO[0m [2mws_market_data[0m[2m:[0m Starting WebSocket Market Data Service on port 50016
[2m2026-04-26T06:10:52.710612Z[0m [32m INFO[0m [2mws_market_data::server[0m[2m:[0m WebSocket server listening on 0.0.0.0:50016
